2025-04-06 10:12:30             SUCCESS             MOFSLOPENAPI.py             Initilize Constructor
2025-04-06 10:12:30             SUCCESS             MOFSLOPENAPI.py             GetManufacturerunknown
2025-04-06 10:12:30             SUCCESS             MOFSLOPENAPI.py             Initilize Constructor Done
2025-04-06 10:12:30             SUCCESS             MOFSLOPENAPI.py             Initilize login request send
2025-04-06 10:12:30             SUCCESS             MOFSLOPENAPI.py             Initilize Post WebRequest Sent
2025-04-06 10:12:31             SUCCESS             MOFSLOPENAPI.py             Post WebRequest Send Successfully
2025-04-06 10:12:31             SUCCESS             MOFSLOPENAPI.py             Login sucessfully
2025-04-06 10:12:43             SUCCESS             MOFSLOPENAPI.py             Initilaize verifyotp request send
2025-04-06 10:12:43             SUCCESS             MOFSLOPENAPI.py             Initilize Post WebRequest Sent
2025-04-06 10:12:43             SUCCESS             MOFSLOPENAPI.py             Post WebRequest Send Successfully
2025-04-06 10:12:43             SUCCESS             MOFSLOPENAPI.py             verifyotp request sent Successfully
2025-04-06 10:15:53             SUCCESS             MOFSLOPENAPI.py             Initilize login request send
2025-04-06 10:15:53             SUCCESS             MOFSLOPENAPI.py             Initilize Post WebRequest Sent
2025-04-06 10:15:54             SUCCESS             MOFSLOPENAPI.py             Post WebRequest Send Successfully
2025-04-06 10:15:54             SUCCESS             MOFSLOPENAPI.py             Login sucessfully
2025-04-06 10:27:48             SUCCESS             MOFSLOPENAPI.py             Initilize login request send
2025-04-06 10:27:48             SUCCESS             MOFSLOPENAPI.py             Initilize Post WebRequest Sent
2025-04-06 10:27:49             SUCCESS             MOFSLOPENAPI.py             Post WebRequest Send Successfully
2025-04-06 10:27:49             SUCCESS             MOFSLOPENAPI.py             Login sucessfully
2025-04-06 10:48:21             SUCCESS             MOFSLOPENAPI.py             Initilize login request send
2025-04-06 10:48:21             SUCCESS             MOFSLOPENAPI.py             Initilize Post WebRequest Sent
2025-04-06 10:48:21             SUCCESS             MOFSLOPENAPI.py             Post WebRequest Send Successfully
2025-04-06 10:48:21             SUCCESS             MOFSLOPENAPI.py             Login sucessfully
2025-04-06 10:57:58             SUCCESS             MOFSLOPENAPI.py             Initilize Constructor
2025-04-06 10:57:59             SUCCESS             MOFSLOPENAPI.py             GetManufacturerunknown
2025-04-06 10:57:59             SUCCESS             MOFSLOPENAPI.py             Initilize Constructor Done
2025-04-06 10:57:59             SUCCESS             MOFSLOPENAPI.py             Initilize login request send
2025-04-06 10:57:59             SUCCESS             MOFSLOPENAPI.py             Initilize Post WebRequest Sent
2025-04-06 10:57:59             SUCCESS             MOFSLOPENAPI.py             Post WebRequest Send Successfully
2025-04-06 10:57:59             SUCCESS             MOFSLOPENAPI.py             Login sucessfully
2025-04-06 10:58:20             SUCCESS             MOFSLOPENAPI.py             Initilize login request send
2025-04-06 10:58:20             SUCCESS             MOFSLOPENAPI.py             Initilize Post WebRequest Sent
2025-04-06 10:58:20             SUCCESS             MOFSLOPENAPI.py             Post WebRequest Send Successfully
2025-04-06 10:58:20             SUCCESS             MOFSLOPENAPI.py             Login sucessfully
2025-04-06 12:20:14             SUCCESS             MOFSLOPENAPI.py             Initilize Constructor
2025-04-06 12:20:17             SUCCESS             MOFSLOPENAPI.py             GetManufacturerunknown
2025-04-06 12:20:17             SUCCESS             MOFSLOPENAPI.py             Initilize Constructor Done
2025-04-06 12:20:17             SUCCESS             MOFSLOPENAPI.py             Initilize login request send
2025-04-06 12:20:17             SUCCESS             MOFSLOPENAPI.py             Initilize Post WebRequest Sent
2025-04-06 12:20:17             SUCCESS             MOFSLOPENAPI.py             Post WebRequest Send Successfully
2025-04-06 12:20:17             SUCCESS             MOFSLOPENAPI.py             Login sucessfully
2025-04-06 12:21:51             SUCCESS             MOFSLOPENAPI.py             Initilize login request send
2025-04-06 12:21:51             SUCCESS             MOFSLOPENAPI.py             Initilize Post WebRequest Sent
2025-04-06 12:21:51             SUCCESS             MOFSLOPENAPI.py             Post WebRequest Send Successfully
2025-04-06 12:21:51             SUCCESS             MOFSLOPENAPI.py             Login sucessfully
2025-04-06 12:22:48             SUCCESS             MOFSLOPENAPI.py             Initilize login request send
2025-04-06 12:22:48             SUCCESS             MOFSLOPENAPI.py             Initilize Post WebRequest Sent
2025-04-06 12:22:49             SUCCESS             MOFSLOPENAPI.py             Post WebRequest Send Successfully
2025-04-06 12:22:49             SUCCESS             MOFSLOPENAPI.py             Login sucessfully
2025-04-06 12:43:43             SUCCESS             MOFSLOPENAPI.py             Initilize Constructor
2025-04-06 12:43:43             SUCCESS             MOFSLOPENAPI.py             GetManufacturerunknown
2025-04-06 12:43:43             SUCCESS             MOFSLOPENAPI.py             Initilize Constructor Done
2025-04-06 12:43:43             SUCCESS             MOFSLOPENAPI.py             Initilize login request send
2025-04-06 12:43:43             SUCCESS             MOFSLOPENAPI.py             Initilize Post WebRequest Sent
2025-04-06 12:43:44             SUCCESS             MOFSLOPENAPI.py             Post WebRequest Send Successfully
2025-04-06 12:43:44             SUCCESS             MOFSLOPENAPI.py             Login sucessfully
2025-04-06 12:49:41             SUCCESS             MOFSLOPENAPI.py             Initilize Constructor
2025-04-06 12:49:42             SUCCESS             MOFSLOPENAPI.py             GetManufacturerunknown
2025-04-06 12:49:42             SUCCESS             MOFSLOPENAPI.py             Initilize Constructor Done
2025-04-06 12:49:42             SUCCESS             MOFSLOPENAPI.py             Initilize login request send
2025-04-06 12:49:42             SUCCESS             MOFSLOPENAPI.py             Initilize Post WebRequest Sent
2025-04-06 12:49:43             SUCCESS             MOFSLOPENAPI.py             Post WebRequest Send Successfully
2025-04-06 12:49:43             SUCCESS             MOFSLOPENAPI.py             Login sucessfully
2025-04-06 12:54:44             SUCCESS             MOFSLOPENAPI.py             Initilize login request send
2025-04-06 12:54:44             SUCCESS             MOFSLOPENAPI.py             Initilize Post WebRequest Sent
2025-04-06 12:54:44             SUCCESS             MOFSLOPENAPI.py             Post WebRequest Send Successfully
2025-04-06 12:54:44             SUCCESS             MOFSLOPENAPI.py             Login sucessfully
2025-04-06 12:55:35             SUCCESS             MOFSLOPENAPI.py             Initilize login request send
2025-04-06 12:55:35             SUCCESS             MOFSLOPENAPI.py             Initilize Post WebRequest Sent
2025-04-06 12:55:36             SUCCESS             MOFSLOPENAPI.py             Post WebRequest Send Successfully
2025-04-06 12:55:36             SUCCESS             MOFSLOPENAPI.py             Login sucessfully
2025-04-06 12:55:51             SUCCESS             MOFSLOPENAPI.py             Initilize Constructor
2025-04-06 12:55:53             SUCCESS             MOFSLOPENAPI.py             GetManufacturerunknown
2025-04-06 12:55:53             SUCCESS             MOFSLOPENAPI.py             Initilize Constructor Done
2025-04-06 12:55:53             SUCCESS             MOFSLOPENAPI.py             Initilize login request send
2025-04-06 12:55:53             SUCCESS             MOFSLOPENAPI.py             Initilize Post WebRequest Sent
2025-04-06 12:55:53             SUCCESS             MOFSLOPENAPI.py             Post WebRequest Send Successfully
2025-04-06 12:55:53             SUCCESS             MOFSLOPENAPI.py             Login sucessfully
2025-04-06 12:58:40             SUCCESS             MOFSLOPENAPI.py             Initilize Constructor
2025-04-06 12:58:43             SUCCESS             MOFSLOPENAPI.py             GetManufacturerunknown
2025-04-06 12:58:43             SUCCESS             MOFSLOPENAPI.py             Initilize Constructor Done
2025-04-06 12:58:43             SUCCESS             MOFSLOPENAPI.py             Initilize login request send
2025-04-06 12:58:43             SUCCESS             MOFSLOPENAPI.py             Initilize Post WebRequest Sent
2025-04-06 12:58:43             SUCCESS             MOFSLOPENAPI.py             Post WebRequest Send Successfully
2025-04-06 12:58:43             SUCCESS             MOFSLOPENAPI.py             Login sucessfully
2025-04-06 12:59:54             SUCCESS             MOFSLOPENAPI.py             Initilize Constructor
2025-04-06 12:59:55             SUCCESS             MOFSLOPENAPI.py             GetManufacturerunknown
2025-04-06 12:59:55             SUCCESS             MOFSLOPENAPI.py             Initilize Constructor Done
2025-04-06 12:59:55             SUCCESS             MOFSLOPENAPI.py             Initilize login request send
2025-04-06 12:59:55             SUCCESS             MOFSLOPENAPI.py             Initilize Post WebRequest Sent
2025-04-06 12:59:55             SUCCESS             MOFSLOPENAPI.py             Post WebRequest Send Successfully
2025-04-06 12:59:55             SUCCESS             MOFSLOPENAPI.py             Login sucessfully
2025-04-06 13:00:53             SUCCESS             MOFSLOPENAPI.py             Initilize Constructor
2025-04-06 13:00:53             SUCCESS             MOFSLOPENAPI.py             GetManufacturerunknown
2025-04-06 13:00:53             SUCCESS             MOFSLOPENAPI.py             Initilize Constructor Done
2025-04-06 13:00:53             SUCCESS             MOFSLOPENAPI.py             Initilize login request send
2025-04-06 13:00:53             SUCCESS             MOFSLOPENAPI.py             Initilize Post WebRequest Sent
2025-04-06 13:00:53             SUCCESS             MOFSLOPENAPI.py             Post WebRequest Send Successfully
2025-04-06 13:00:53             SUCCESS             MOFSLOPENAPI.py             Login sucessfully
2025-04-06 13:00:59             SUCCESS             MOFSLOPENAPI.py             Initilize login request send
2025-04-06 13:00:59             SUCCESS             MOFSLOPENAPI.py             Initilize Post WebRequest Sent
2025-04-06 13:01:00             SUCCESS             MOFSLOPENAPI.py             Post WebRequest Send Successfully
2025-04-06 13:01:00             SUCCESS             MOFSLOPENAPI.py             Login sucessfully
2025-04-06 13:01:02             SUCCESS             MOFSLOPENAPI.py             Initilize login request send
2025-04-06 13:01:02             SUCCESS             MOFSLOPENAPI.py             Initilize Post WebRequest Sent
2025-04-06 13:01:02             SUCCESS             MOFSLOPENAPI.py             Post WebRequest Send Successfully
2025-04-06 13:01:02             SUCCESS             MOFSLOPENAPI.py             Login sucessfully
2025-04-06 13:01:04             SUCCESS             MOFSLOPENAPI.py             Initilize login request send
2025-04-06 13:01:04             SUCCESS             MOFSLOPENAPI.py             Initilize Post WebRequest Sent
2025-04-06 13:01:04             SUCCESS             MOFSLOPENAPI.py             Post WebRequest Send Successfully
2025-04-06 13:01:04             SUCCESS             MOFSLOPENAPI.py             Login sucessfully
2025-04-06 13:01:30             SUCCESS             MOFSLOPENAPI.py             Initilize Constructor
2025-04-06 13:01:31             SUCCESS             MOFSLOPENAPI.py             GetManufacturerunknown
2025-04-06 13:01:31             SUCCESS             MOFSLOPENAPI.py             Initilize Constructor Done
2025-04-06 13:01:31             SUCCESS             MOFSLOPENAPI.py             Initilize login request send
2025-04-06 13:01:31             SUCCESS             MOFSLOPENAPI.py             Initilize Post WebRequest Sent
2025-04-06 13:01:31             SUCCESS             MOFSLOPENAPI.py             Post WebRequest Send Successfully
2025-04-06 13:01:31             SUCCESS             MOFSLOPENAPI.py             Login sucessfully
2025-04-06 13:02:54             SUCCESS             MOFSLOPENAPI.py             Initilize login request send
2025-04-06 13:02:54             SUCCESS             MOFSLOPENAPI.py             Initilize Post WebRequest Sent
2025-04-06 13:02:54             SUCCESS             MOFSLOPENAPI.py             Post WebRequest Send Successfully
2025-04-06 13:02:54             SUCCESS             MOFSLOPENAPI.py             Login sucessfully
2025-04-06 13:03:02             SUCCESS             MOFSLOPENAPI.py             Initilize login request send
2025-04-06 13:03:02             SUCCESS             MOFSLOPENAPI.py             Initilize Post WebRequest Sent
2025-04-06 13:03:02             SUCCESS             MOFSLOPENAPI.py             Post WebRequest Send Successfully
2025-04-06 13:03:02             SUCCESS             MOFSLOPENAPI.py             Login sucessfully
2025-04-06 13:04:43             SUCCESS             MOFSLOPENAPI.py             Initilize login request send
2025-04-06 13:04:43             SUCCESS             MOFSLOPENAPI.py             Initilize Post WebRequest Sent
2025-04-06 13:04:43             SUCCESS             MOFSLOPENAPI.py             Post WebRequest Send Successfully
2025-04-06 13:04:43             SUCCESS             MOFSLOPENAPI.py             Login sucessfully
2025-04-06 13:08:32             SUCCESS             MOFSLOPENAPI.py             Initilize login request send
2025-04-06 13:08:32             SUCCESS             MOFSLOPENAPI.py             Initilize Post WebRequest Sent
2025-04-06 13:08:32             SUCCESS             MOFSLOPENAPI.py             Post WebRequest Send Successfully
2025-04-06 13:08:32             SUCCESS             MOFSLOPENAPI.py             Login sucessfully
2025-04-06 13:12:46             SUCCESS             MOFSLOPENAPI.py             Initilize Constructor
2025-04-06 13:12:47             SUCCESS             MOFSLOPENAPI.py             GetManufacturerunknown
2025-04-06 13:12:47             SUCCESS             MOFSLOPENAPI.py             Initilize Constructor Done
2025-04-06 13:12:47             SUCCESS             MOFSLOPENAPI.py             Initilize login request send
2025-04-06 13:12:47             SUCCESS             MOFSLOPENAPI.py             Initilize Post WebRequest Sent
2025-04-06 13:12:47             SUCCESS             MOFSLOPENAPI.py             Post WebRequest Send Successfully
2025-04-06 13:12:47             SUCCESS             MOFSLOPENAPI.py             Login sucessfully
2025-04-06 13:12:52             SUCCESS             MOFSLOPENAPI.py             Initilize login request send
2025-04-06 13:12:52             SUCCESS             MOFSLOPENAPI.py             Initilize Post WebRequest Sent
2025-04-06 13:12:52             SUCCESS             MOFSLOPENAPI.py             Post WebRequest Send Successfully
2025-04-06 13:12:52             SUCCESS             MOFSLOPENAPI.py             Login sucessfully
2025-04-06 13:13:04             SUCCESS             MOFSLOPENAPI.py             Initilize Constructor
2025-04-06 13:13:05             SUCCESS             MOFSLOPENAPI.py             GetManufacturerunknown
2025-04-06 13:13:05             SUCCESS             MOFSLOPENAPI.py             Initilize Constructor Done
2025-04-06 13:13:05             SUCCESS             MOFSLOPENAPI.py             Initilize login request send
2025-04-06 13:13:05             SUCCESS             MOFSLOPENAPI.py             Initilize Post WebRequest Sent
2025-04-06 13:13:06             SUCCESS             MOFSLOPENAPI.py             Post WebRequest Send Successfully
2025-04-06 13:13:06             SUCCESS             MOFSLOPENAPI.py             Login sucessfully
2025-04-06 13:14:07             SUCCESS             MOFSLOPENAPI.py             Initilize login request send
2025-04-06 13:14:07             SUCCESS             MOFSLOPENAPI.py             Initilize Post WebRequest Sent
2025-04-06 13:14:07             SUCCESS             MOFSLOPENAPI.py             Post WebRequest Send Successfully
2025-04-06 13:14:07             SUCCESS             MOFSLOPENAPI.py             Login sucessfully
2025-04-06 13:16:51             SUCCESS             MOFSLOPENAPI.py             Initilize login request send
2025-04-06 13:16:51             SUCCESS             MOFSLOPENAPI.py             Initilize Post WebRequest Sent
2025-04-06 13:16:52             SUCCESS             MOFSLOPENAPI.py             Post WebRequest Send Successfully
2025-04-06 13:16:52             SUCCESS             MOFSLOPENAPI.py             Login sucessfully
2025-04-06 13:17:46             SUCCESS             MOFSLOPENAPI.py             Initilize Constructor
2025-04-06 13:17:46             SUCCESS             MOFSLOPENAPI.py             GetManufacturerunknown
2025-04-06 13:17:46             SUCCESS             MOFSLOPENAPI.py             Initilize Constructor Done
2025-04-06 13:17:46             SUCCESS             MOFSLOPENAPI.py             Initilize login request send
2025-04-06 13:17:46             SUCCESS             MOFSLOPENAPI.py             Initilize Post WebRequest Sent
2025-04-06 13:17:47             SUCCESS             MOFSLOPENAPI.py             Post WebRequest Send Successfully
2025-04-06 13:17:47             SUCCESS             MOFSLOPENAPI.py             Login sucessfully
2025-04-06 13:21:23             SUCCESS             MOFSLOPENAPI.py             Initilize login request send
2025-04-06 13:21:23             SUCCESS             MOFSLOPENAPI.py             Initilize Post WebRequest Sent
2025-04-06 13:21:24             SUCCESS             MOFSLOPENAPI.py             Post WebRequest Send Successfully
2025-04-06 13:21:24             SUCCESS             MOFSLOPENAPI.py             Login sucessfully
2025-04-06 13:23:38             SUCCESS             MOFSLOPENAPI.py             Initilize login request send
2025-04-06 13:23:38             SUCCESS             MOFSLOPENAPI.py             Initilize Post WebRequest Sent
2025-04-06 13:23:38             SUCCESS             MOFSLOPENAPI.py             Post WebRequest Send Successfully
2025-04-06 13:23:38             SUCCESS             MOFSLOPENAPI.py             Login sucessfully
2025-04-06 13:23:42             SUCCESS             MOFSLOPENAPI.py             Initilize login request send
2025-04-06 13:23:42             SUCCESS             MOFSLOPENAPI.py             Initilize Post WebRequest Sent
2025-04-06 13:23:42             SUCCESS             MOFSLOPENAPI.py             Post WebRequest Send Successfully
2025-04-06 13:23:42             SUCCESS             MOFSLOPENAPI.py             Login sucessfully
2025-04-06 13:23:44             SUCCESS             MOFSLOPENAPI.py             Initilize login request send
2025-04-06 13:23:44             SUCCESS             MOFSLOPENAPI.py             Initilize Post WebRequest Sent
2025-04-06 13:23:44             SUCCESS             MOFSLOPENAPI.py             Post WebRequest Send Successfully
2025-04-06 13:23:44             SUCCESS             MOFSLOPENAPI.py             Login sucessfully
2025-04-06 13:23:57             SUCCESS             MOFSLOPENAPI.py             Initilize Constructor
2025-04-06 13:23:58             SUCCESS             MOFSLOPENAPI.py             GetManufacturerunknown
2025-04-06 13:23:58             SUCCESS             MOFSLOPENAPI.py             Initilize Constructor Done
2025-04-06 13:23:58             SUCCESS             MOFSLOPENAPI.py             Initilize login request send
2025-04-06 13:23:58             SUCCESS             MOFSLOPENAPI.py             Initilize Post WebRequest Sent
2025-04-06 13:23:58             SUCCESS             MOFSLOPENAPI.py             Post WebRequest Send Successfully
2025-04-06 13:23:58             SUCCESS             MOFSLOPENAPI.py             Login sucessfully
2025-04-06 13:27:41             SUCCESS             MOFSLOPENAPI.py             Initilize Constructor
2025-04-06 13:27:44             SUCCESS             MOFSLOPENAPI.py             GetManufacturerunknown
2025-04-06 13:27:44             SUCCESS             MOFSLOPENAPI.py             Initilize Constructor Done
2025-04-06 13:27:44             SUCCESS             MOFSLOPENAPI.py             Initilize login request send
2025-04-06 13:27:44             SUCCESS             MOFSLOPENAPI.py             Initilize Post WebRequest Sent
2025-04-06 13:27:44             SUCCESS             MOFSLOPENAPI.py             Post WebRequest Send Successfully
2025-04-06 13:27:44             SUCCESS             MOFSLOPENAPI.py             Login sucessfully
2025-04-06 13:31:01             SUCCESS             MOFSLOPENAPI.py             Initilize login request send
2025-04-06 13:31:01             SUCCESS             MOFSLOPENAPI.py             Initilize Post WebRequest Sent
2025-04-06 13:31:01             SUCCESS             MOFSLOPENAPI.py             Post WebRequest Send Successfully
2025-04-06 13:31:01             SUCCESS             MOFSLOPENAPI.py             Login sucessfully
2025-04-06 13:31:14             SUCCESS             MOFSLOPENAPI.py             Initilize login request send
2025-04-06 13:31:14             SUCCESS             MOFSLOPENAPI.py             Initilize Post WebRequest Sent
2025-04-06 13:31:14             SUCCESS             MOFSLOPENAPI.py             Post WebRequest Send Successfully
2025-04-06 13:31:14             SUCCESS             MOFSLOPENAPI.py             Login sucessfully
2025-04-06 13:31:43             SUCCESS             MOFSLOPENAPI.py             Initilize login request send
2025-04-06 13:31:43             SUCCESS             MOFSLOPENAPI.py             Initilize Post WebRequest Sent
2025-04-06 13:31:43             SUCCESS             MOFSLOPENAPI.py             Post WebRequest Send Successfully
2025-04-06 13:31:43             SUCCESS             MOFSLOPENAPI.py             Login sucessfully
2025-04-06 13:34:29             SUCCESS             MOFSLOPENAPI.py             Initilize login request send
2025-04-06 13:34:29             SUCCESS             MOFSLOPENAPI.py             Initilize Post WebRequest Sent
2025-04-06 13:34:29             SUCCESS             MOFSLOPENAPI.py             Post WebRequest Send Successfully
2025-04-06 13:34:29             SUCCESS             MOFSLOPENAPI.py             Login sucessfully
2025-04-06 13:35:00             SUCCESS             MOFSLOPENAPI.py             Initilize Constructor
2025-04-06 13:35:01             SUCCESS             MOFSLOPENAPI.py             GetManufacturerunknown
2025-04-06 13:35:01             SUCCESS             MOFSLOPENAPI.py             Initilize Constructor Done
2025-04-06 13:35:31             SUCCESS             MOFSLOPENAPI.py             Initilize Constructor
2025-04-06 13:35:35             SUCCESS             MOFSLOPENAPI.py             GetManufacturerunknown
2025-04-06 13:35:35             SUCCESS             MOFSLOPENAPI.py             Initilize Constructor Done
2025-04-06 13:35:47             SUCCESS             MOFSLOPENAPI.py             Initilize Constructor
2025-04-06 13:35:49             SUCCESS             MOFSLOPENAPI.py             GetManufacturerunknown
2025-04-06 13:35:49             SUCCESS             MOFSLOPENAPI.py             Initilize Constructor Done
2025-04-06 13:36:00             SUCCESS             MOFSLOPENAPI.py             Initilize Constructor
2025-04-06 13:36:02             SUCCESS             MOFSLOPENAPI.py             GetManufacturerunknown
2025-04-06 13:36:02             SUCCESS             MOFSLOPENAPI.py             Initilize Constructor Done
2025-04-06 13:36:37             SUCCESS             MOFSLOPENAPI.py             Initilize login request send
2025-04-06 13:36:37             SUCCESS             MOFSLOPENAPI.py             Initilize Post WebRequest Sent
2025-04-06 13:36:37             SUCCESS             MOFSLOPENAPI.py             Post WebRequest Send Successfully
2025-04-06 13:36:37             SUCCESS             MOFSLOPENAPI.py             Login sucessfully
2025-04-06 14:47:42             SUCCESS             MOFSLOPENAPI.py             Initilize Constructor
2025-04-06 14:47:42             SUCCESS             MOFSLOPENAPI.py             GetManufacturerunknown
2025-04-06 14:47:42             SUCCESS             MOFSLOPENAPI.py             Initilize Constructor Done
2025-04-06 14:47:42             SUCCESS             MOFSLOPENAPI.py             Initilize login request send
2025-04-06 14:47:42             SUCCESS             MOFSLOPENAPI.py             Initilize Post WebRequest Sent
2025-04-06 14:47:43             SUCCESS             MOFSLOPENAPI.py             Post WebRequest Send Successfully
2025-04-06 14:47:43             SUCCESS             MOFSLOPENAPI.py             Login sucessfully
2025-04-06 14:50:45             SUCCESS             MOFSLOPENAPI.py             Initilize login request send
2025-04-06 14:50:45             SUCCESS             MOFSLOPENAPI.py             Initilize Post WebRequest Sent
2025-04-06 14:50:45             SUCCESS             MOFSLOPENAPI.py             Post WebRequest Send Successfully
2025-04-06 14:50:45             SUCCESS             MOFSLOPENAPI.py             Login sucessfully
2025-04-06 14:54:49             SUCCESS             MOFSLOPENAPI.py             Initilize Constructor
2025-04-06 14:54:50             SUCCESS             MOFSLOPENAPI.py             GetManufacturerunknown
2025-04-06 14:54:50             SUCCESS             MOFSLOPENAPI.py             Initilize Constructor Done
2025-04-06 14:54:50             SUCCESS             MOFSLOPENAPI.py             Initilize login request send
2025-04-06 14:54:50             SUCCESS             MOFSLOPENAPI.py             Initilize Post WebRequest Sent
2025-04-06 14:54:50             SUCCESS             MOFSLOPENAPI.py             Post WebRequest Send Successfully
2025-04-06 14:54:50             SUCCESS             MOFSLOPENAPI.py             Login sucessfully
2025-04-06 14:55:00             SUCCESS             MOFSLOPENAPI.py             Initilaize verifyotp request send
2025-04-06 14:55:00             SUCCESS             MOFSLOPENAPI.py             Initilize Post WebRequest Sent
2025-04-06 14:55:00             SUCCESS             MOFSLOPENAPI.py             Post WebRequest Send Successfully
2025-04-06 14:55:00             SUCCESS             MOFSLOPENAPI.py             verifyotp request sent Successfully
2025-04-06 14:56:36             SUCCESS             MOFSLOPENAPI.py             Initilize login request send
2025-04-06 14:56:36             SUCCESS             MOFSLOPENAPI.py             Initilize Post WebRequest Sent
2025-04-06 14:56:36             SUCCESS             MOFSLOPENAPI.py             Post WebRequest Send Successfully
2025-04-06 14:56:36             SUCCESS             MOFSLOPENAPI.py             Login sucessfully
2025-04-06 14:57:00             SUCCESS             MOFSLOPENAPI.py             Initilize Constructor
2025-04-06 14:57:01             SUCCESS             MOFSLOPENAPI.py             GetManufacturerunknown
2025-04-06 14:57:01             SUCCESS             MOFSLOPENAPI.py             Initilize Constructor Done
2025-04-06 14:57:01             SUCCESS             MOFSLOPENAPI.py             Initilize login request send
2025-04-06 14:57:01             SUCCESS             MOFSLOPENAPI.py             Initilize Post WebRequest Sent
2025-04-06 14:57:01             SUCCESS             MOFSLOPENAPI.py             Post WebRequest Send Successfully
2025-04-06 14:57:01             SUCCESS             MOFSLOPENAPI.py             Login sucessfully
2025-04-06 14:57:23             SUCCESS             MOFSLOPENAPI.py             Initilaize verifyotp request send
2025-04-06 14:57:23             SUCCESS             MOFSLOPENAPI.py             Initilize Post WebRequest Sent
2025-04-06 14:57:23             SUCCESS             MOFSLOPENAPI.py             Post WebRequest Send Successfully
2025-04-06 14:57:23             SUCCESS             MOFSLOPENAPI.py             verifyotp request sent Successfully
